Traceback (most recent call last):
  File "/usr/share/miniconda/envs/taxcalc-dev/lib/python3.11/site-packages/jupyter_core/utils/__init__.py", line 154, in wrapped
    asyncio.get_running_loop()
RuntimeError: no running event loop

During handling of the above exception, another exception occurred:

Traceback (most recent call last):
  File "/usr/share/miniconda/envs/taxcalc-dev/lib/python3.11/site-packages/jupyter_cache/executors/utils.py", line 58, in single_nb_execution
    executenb(
  File "/usr/share/miniconda/envs/taxcalc-dev/lib/python3.11/site-packages/nbclient/client.py", line 1319, in execute
    return NotebookClient(nb=nb, resources=resources, km=km, **kwargs).execute()
           ^^^^^^^^^^^^^^^^^^^^^^^^^^^^^^^^^^^^^^^^^^^^^^^^^^^^^^^^^^^^^^^^^^^^^
  File "/usr/share/miniconda/envs/taxcalc-dev/lib/python3.11/site-packages/jupyter_core/utils/__init__.py", line 158, in wrapped
    return loop.run_until_complete(inner)
           ^^^^^^^^^^^^^^^^^^^^^^^^^^^^^^
  File "/usr/share/miniconda/envs/taxcalc-dev/lib/python3.11/asyncio/base_events.py", line 654, in run_until_complete
    return future.result()
           ^^^^^^^^^^^^^^^
  File "/usr/share/miniconda/envs/taxcalc-dev/lib/python3.11/site-packages/nbclient/client.py", line 709, in async_execute
    await self.async_execute_cell(
  File "/usr/share/miniconda/envs/taxcalc-dev/lib/python3.11/site-packages/nbclient/client.py", line 1062, in async_execute_cell
    await self._check_raise_for_error(cell, cell_index, exec_reply)
  File "/usr/share/miniconda/envs/taxcalc-dev/lib/python3.11/site-packages/nbclient/client.py", line 918, in _check_raise_for_error
    raise CellExecutionError.from_cell_and_msg(cell, exec_reply_content)
nbclient.exceptions.CellExecutionError: An error occurred while executing the following cell:
------------------
pol.implement_reform(params['policy'])
calc2 = tc.Calculator(policy=pol, records=recs)
------------------


[31m---------------------------------------------------------------------------[39m
[31mValidationError[39m                           Traceback (most recent call last)
[36mCell[39m[36m [39m[32mIn[8][39m[32m, line 1[39m
[32m----> [39m[32m1[39m [43mpol[49m[43m.[49m[43mimplement_reform[49m[43m([49m[43mparams[49m[43m[[49m[33;43m'[39;49m[33;43mpolicy[39;49m[33;43m'[39;49m[43m][49m[43m)[49m
[32m      2[39m calc2 = tc.Calculator(policy=pol, records=recs)

[36mFile [39m[32m~/work/Tax-Calculator/Tax-Calculator/taxcalc/policy.py:178[39m, in [36mPolicy.implement_reform[39m[34m(self, reform, print_warnings, raise_errors)[39m
[32m    171[39m     [38;5;28;01mif[39;00m param [38;5;129;01min[39;00m deprecated_parameters:
[32m    172[39m         [38;5;28mprint[39m(  [38;5;66;03m# pragma: no cover[39;00m
[32m    173[39m             [33mf[39m[33m'[39m[33mDEPRECATION WARNING: the [39m[38;5;132;01m{[39;00mparam[38;5;132;01m}[39;00m[33m policy parameter[39m[38;5;130;01m\n[39;00m[33m'[39m
[32m    174[39m             [33m'[39m[33mis scheduled to be removed in Tax-Calculator 6.0.0;[39m[38;5;130;01m\n[39;00m[33m'[39m
[32m    175[39m             [33m'[39m[33mif you think this removal should not happen, open an[39m[38;5;130;01m\n[39;00m[33m'[39m
[32m    176[39m             [33m'[39m[33missue on GitHub to make your case for non-removal.[39m[33m'[39m
[32m    177[39m         )
[32m--> [39m[32m178[39m [38;5;28;01mreturn[39;00m [38;5;28;43mself[39;49m[43m.[49m[43m_update[49m[43m([49m[43mreform[49m[43m,[49m[43m [49m[43mprint_warnings[49m[43m,[49m[43m [49m[43mraise_errors[49m[43m)[49m

[36mFile [39m[32m~/work/Tax-Calculator/Tax-Calculator/taxcalc/parameters.py:615[39m, in [36mParameters._update[39m[34m(self, revision, print_warnings, raise_errors)[39m
[32m    613[39m     [38;5;28;01melse[39;00m:
[32m    614[39m         msg = [33mf[39m[33m'[39m[33mParameter [39m[38;5;132;01m{[39;00mparam[38;5;132;01m}[39;00m[33m does not exist[39m[33m'[39m
[32m--> [39m[32m615[39m     [38;5;28;01mraise[39;00m paramtools.ValidationError(
[32m    616[39m         {[33m'[39m[33merrors[39m[33m'[39m: {[33m'[39m[33mschema[39m[33m'[39m: msg}},
[32m    617[39m         [38;5;28;01mNone[39;00m
[32m    618[39m     )
[32m    619[39m [38;5;28;01mif[39;00m param.endswith([33m'[39m[33m-indexed[39m[33m'[39m):
[32m    620[39m     [38;5;28;01mfor[39;00m year, yearval [38;5;129;01min[39;00m val.items():

[31mValidationError[39m: {
    "errors": {
        "schema": "PT_rt5 was removed in Tax-Calculator 5.0.0"
    }
}

